[[36masctec_autopilot[0m] [1m[34m==>[0m '[1m/home/asctec/catkin_ws/build/asctec_autopilot/build_env.sh /usr/bin/cmake /home/asctec/catkin_ws/src/asctec_drivers/asctec_autopilot -DCATKIN_DEVEL_PREFIX=/home/asctec/catkin_ws/devel -DCMAKE_INSTALL_PREFIX=/home/asctec/catkin_ws/install[0m' [30m[1min[0m '[1m/home/asctec/catkin_ws/build/asctec_autopilot[0m'[0m
[36m-- [0mThe C compiler identification is GNU 4.8.4
[0m[36m-- [0mThe CXX compiler identification is GNU 4.8.4
[0m[36m-- [0mCheck for working C compiler:[33m /usr/bin/cc
[0m[0m[36m-- [0mCheck for working C compiler:[33m /usr/bin/cc -- works
[0m[0m[36m-- [0mDetecting C compiler ABI info
[0m[36m-- [0mDetecting C compiler ABI info - done
[0m[36m-- [0mCheck for working CXX compiler:[33m /usr/bin/c++
[0m[0m[36m-- [0mCheck for working CXX compiler:[33m /usr/bin/c++ -- works
[0m[0m[36m-- [0mDetecting CXX compiler ABI info
[0m[36m-- [0mDetecting CXX compiler ABI info - done
[0m[36m-- [0mUsing CATKIN_DEVEL_PREFIX:[33m /home/asctec/catkin_ws/devel
[0m[0m[36m-- [0mUsing CMAKE_PREFIX_PATH:[33m /home/asctec/catkin_ws/install;/home/asctec/catkin_ws/devel;/opt/ros/jade
[0m[0m[36m-- [0mThis workspace overlays:[33m /home/asctec/catkin_ws/devel;/opt/ros/jade
[0m[0m[36m-- [0mFound PythonInterp:[33m /usr/bin/python (found version "2.7.6") 
[0m[0m[36m-- [0mUsing PYTHON_EXECUTABLE:[33m /usr/bin/python
[0m[0m[36m-- [0mUsing Debian Python package layout
[0m[36m-- [0mUsing empy:[33m /usr/bin/empy
[0m[0m[36m-- [0mUsing CATKIN_ENABLE_TESTING:[33m ON
[0m[0m[36m-- [0mCall enable_testing()
[0m[36m-- [0mUsing CATKIN_TEST_RESULTS_DIR:[33m /home/asctec/catkin_ws/build/asctec_autopilot/test_results
[0m[0m[36m-- [0mLooking for include file pthread.h
[0m[36m-- [0mLooking for include file pthread.h - found
[0m[36m-- [0mLooking for pthread_create
[0m[36m-- [0mLooking for pthread_create - not found
[0m[36m-- [0mLooking for pthread_create in pthreads
[0m[36m-- [0mLooking for pthread_create in pthreads - not found
[0m[36m-- [0mLooking for pthread_create in pthread
[0m[36m-- [0mLooking for pthread_create in pthread - found
[0m[36m-- [0mFound Threads:[33m TRUE  
[0m[0m[36m-- [0mFound gtest sources under '/usr/src/gtest':[33m gtests will be built
[0m[0m[36m-- [0mUsing Python nosetests:[33m /usr/bin/nosetests-2.7
[0m[0m[36m-- [0mcatkin 0.6.14
[0m[36m-- [0mUsing these message generators:[33m gencpp;geneus;genlisp;genpy
[0m[0m[36m-- [0mConfiguring done
[0m[36m-- [0mGenerating done
[0m[36m-- [0mBuild files have been written to:[33m /home/asctec/catkin_ws/build/asctec_autopilot
[0m[0m[[36masctec_autopilot[0m] [32m<==[0m '[1m/home/asctec/catkin_ws/build/asctec_autopilot/build_env.sh /usr/bin/cmake /home/asctec/catkin_ws/src/asctec_drivers/asctec_autopilot -DCATKIN_DEVEL_PREFIX=/home/asctec/catkin_ws/devel -DCMAKE_INSTALL_PREFIX=/home/asctec/catkin_ws/install[0m' finished with return code '[1m0[0m'[0m
[[36masctec_autopilot[0m] [1m[34m==>[0m '[1m/home/asctec/catkin_ws/build/asctec_autopilot/build_env.sh /usr/bin/make --jobserver-fds=3,4 -j[0m' [30m[1min[0m '[1m/home/asctec/catkin_ws/build/asctec_autopilot[0m'[0m
[35m[1mScanning dependencies of target roscpp_generate_messages_py
[35m[1mScanning dependencies of target asctec_msgs_generate_messages_lisp
[0m[0m[35m[1mScanning dependencies of target sensor_msgs_generate_messages_eus
[35m[1mScanning dependencies of target rosgraph_msgs_generate_messages_eus
[35m[1mScanning dependencies of target roscpp_generate_messages_eus
[0m[0m[0m[35m[1mScanning dependencies of target sensor_msgs_generate_messages_py
[0m[  0%] [  0%] Built target asctec_msgs_generate_messages_lisp
[35m[1mScanning dependencies of target nav_msgs_generate_messages_py
[0m[  0%] [  0%] [  0%] Built target roscpp_generate_messages_py
Built target rosgraph_msgs_generate_messages_eus
Built target roscpp_generate_messages_eus
Built target sensor_msgs_generate_messages_eus
[  0%] [  0%] Built target sensor_msgs_generate_messages_py
[35m[1mScanning dependencies of target rosgraph_msgs_generate_messages_py
[35m[1mScanning dependencies of target nodelet_generate_messages_cpp
[0m[0m[35m[1mScanning dependencies of target std_msgs_generate_messages_py
Built target nav_msgs_generate_messages_py
[0m[35m[1mScanning dependencies of target bond_generate_messages_cpp
[0m[  0%] [35m[1mScanning dependencies of target geometry_msgs_generate_messages_eus
[35m[1mScanning dependencies of target sensor_msgs_generate_messages_lisp
[35m[1mScanning dependencies of target geometry_msgs_generate_messages_cpp
[0m[0m[0mBuilt target nodelet_generate_messages_cpp
[  0%] [  0%] [  0%] [  0%] Built target rosgraph_msgs_generate_messages_py
[  0%] Built target std_msgs_generate_messages_py
Built target sensor_msgs_generate_messages_lisp
[  0%] Built target geometry_msgs_generate_messages_eus
Built target bond_generate_messages_cpp
Built target geometry_msgs_generate_messages_cpp
[35m[1mScanning dependencies of target geometry_msgs_generate_messages_lisp
[35m[1mScanning dependencies of target asctec_msgs_generate_messages_eus
[0m[0m[35m[1mScanning dependencies of target nav_msgs_generate_messages_cpp
[35m[1mScanning dependencies of target asctec_msgs_generate_messages_cpp
[0m[35m[1mScanning dependencies of target geometry_msgs_generate_messages_py
[0m[0m[  0%] [35m[1mScanning dependencies of target nav_msgs_generate_messages_lisp
[0m[35m[1mScanning dependencies of target nav_msgs_generate_messages_eus
[  0%] [0mBuilt target geometry_msgs_generate_messages_lisp
[  0%] Built target nav_msgs_generate_messages_cpp
Built target asctec_msgs_generate_messages_eus
[  0%] [  0%] Built target asctec_msgs_generate_messages_cpp
[  0%] [  0%] [35m[1mScanning dependencies of target actionlib_msgs_generate_messages_eus
[0mBuilt target geometry_msgs_generate_messages_py
Built target nav_msgs_generate_messages_eus
[35m[1mScanning dependencies of target actionlib_msgs_generate_messages_lisp
Built target nav_msgs_generate_messages_lisp
[0m[35m[1mScanning dependencies of target actionlib_msgs_generate_messages_py
[0m[35m[1mScanning dependencies of target actionlib_msgs_generate_messages_cpp
[0m[  0%] [  0%] [  0%] Built target actionlib_msgs_generate_messages_lisp
Built target actionlib_msgs_generate_messages_eus
[35m[1mScanning dependencies of target diagnostic_msgs_generate_messages_lisp
Built target actionlib_msgs_generate_messages_py
[35m[1mScanning dependencies of target diagnostic_msgs_generate_messages_py
[0m[0m[  0%] [35m[1mScanning dependencies of target asctec_msgs_generate_messages_py
Built target actionlib_msgs_generate_messages_cpp
[0m[35m[1mScanning dependencies of target std_msgs_generate_messages_cpp
[0m[  0%] Built target diagnostic_msgs_generate_messages_lisp
[35m[1mScanning dependencies of target std_msgs_generate_messages_lisp
[35m[1mScanning dependencies of target nodelet_generate_messages_py
[  0%] [  0%] [0m[  0%] [0mBuilt target asctec_msgs_generate_messages_py
Built target diagnostic_msgs_generate_messages_py
Built target std_msgs_generate_messages_cpp
[35m[1mScanning dependencies of target rosgraph_msgs_generate_messages_cpp
[0m[35m[1mScanning dependencies of target roscpp_generate_messages_cpp
[0m[  0%] [  0%] [35m[1mScanning dependencies of target roscpp_generate_messages_lisp
[0m[35m[1mScanning dependencies of target std_msgs_generate_messages_eus
[0mBuilt target nodelet_generate_messages_py
Built target std_msgs_generate_messages_lisp
[35m[1mScanning dependencies of target bond_generate_messages_eus
[0m[  0%] [  0%] [  0%] [  0%] Built target rosgraph_msgs_generate_messages_cpp
Built target roscpp_generate_messages_lisp
Built target roscpp_generate_messages_cpp
Built target std_msgs_generate_messages_eus
[  0%] Built target bond_generate_messages_eus
[35m[1mScanning dependencies of target bond_generate_messages_lisp
[0m[35m[1mScanning dependencies of target sensor_msgs_generate_messages_cpp
[0m[35m[1mScanning dependencies of target nodelet_generate_messages_lisp
[35m[1mScanning dependencies of target nodelet_generate_messages_eus
[35m[1mScanning dependencies of target diagnostic_msgs_generate_messages_cpp
[35m[1mScanning dependencies of target rosgraph_msgs_generate_messages_lisp
[0m[0m[0m[35m[1mScanning dependencies of target bond_generate_messages_py
[0m[  0%] [0m[  0%] Built target bond_generate_messages_lisp
Built target sensor_msgs_generate_messages_cpp
[  0%] Built target diagnostic_msgs_generate_messages_cpp
[  0%] [  0%] Built target nodelet_generate_messages_lisp
Built target bond_generate_messages_py
[  0%] [  0%] Built target rosgraph_msgs_generate_messages_lisp
Built target nodelet_generate_messages_eus
[35m[1mScanning dependencies of target diagnostic_msgs_generate_messages_eus
[0m[  0%] Built target diagnostic_msgs_generate_messages_eus
[35m[1mScanning dependencies of target autopilot
[0m[ 16%] [ 50%] [ 50%] [ 66%] [32mBuilding CXX object CMakeFiles/autopilot.dir/src/crc16.cpp.o
[32mBuilding CXX object CMakeFiles/autopilot.dir/src/autopilot.cpp.o
[0m[0m[32mBuilding CXX object CMakeFiles/autopilot.dir/src/serial_interface.cpp.o
[0m[32mBuilding CXX object CMakeFiles/autopilot.dir/src/telemetry.cpp.o
[0m/home/asctec/catkin_ws/src/asctec_drivers/asctec_autopilot/src/serial_interface.cpp: In constructor asctec::SerialInterface::SerialInterface(std::string, uint32_t):
/home/asctec/catkin_ws/src/asctec_drivers/asctec_autopilot/src/serial_interface.cpp:86:7: warning: NULL used in arithmetic [-Wpointer-arith]
       ROS_ASSERT_MSG (dev_ != NULL, "Could not open serial port %s", serialport_name_.c_str ());
       ^
[31m[1mLinking CXX shared library /home/asctec/catkin_ws/devel/lib/libautopilot.so
[0m[ 66%] Built target autopilot
[35m[1mScanning dependencies of target autopilot_node
[0m[ 83%] [32mBuilding CXX object CMakeFiles/autopilot_node.dir/src/autopilot_node.cpp.o
[0m[31m[1mLinking CXX executable /home/asctec/catkin_ws/devel/lib/asctec_autopilot/autopilot_node
[0m[ 83%] Built target autopilot_node
[35m[1mScanning dependencies of target autopilot_nodelet
[0m[100%] [32mBuilding CXX object CMakeFiles/autopilot_nodelet.dir/src/autopilot_nodelet.cpp.o
[0m[31m[1mLinking CXX shared library /home/asctec/catkin_ws/devel/lib/libautopilot_nodelet.so
[0m[100%] Built target autopilot_nodelet
[[36masctec_autopilot[0m] [32m<==[0m '[1m/home/asctec/catkin_ws/build/asctec_autopilot/build_env.sh /usr/bin/make --jobserver-fds=3,4 -j[0m' finished with return code '[1m0[0m'[0m
